{"name": "test_approve_request", "status": "broken", "statusDetails": {"message": "selenium.common.exceptions.TimeoutException: Message: \nStacktrace:\n\tGetHandleVerifier [0x00007FF64972B632+29090]\n\t(No symbol) [0x00007FF64969E6E9]\n\t(No symbol) [0x00007FF64955B1CA]\n\t(No symbol) [0x00007FF6495AEFD7]\n\t(No symbol) [0x00007FF6495AF22C]\n\t(No symbol) [0x00007FF6495F97F7]\n\t(No symbol) [0x00007FF6495D672F]\n\t(No symbol) [0x00007FF6495F65D9]\n\t(No symbol) [0x00007FF6495D6493]\n\t(No symbol) [0x00007FF6495A09B1]\n\t(No symbol) [0x00007FF6495A1B11]\n\tGetHandleVerifier [0x00007FF649A4883D+3294125]\n\tGetHandleVerifier [0x00007FF649A94423+3604371]\n\tGetHandleVerifier [0x00007FF649A8A2E7+3563095]\n\tGetHandleVerifier [0x00007FF6497E6F16+797318]\n\t(No symbol) [0x00007FF6496A986F]\n\t(No symbol) [0x00007FF6496A5454]\n\t(No symbol) [0x00007FF6496A55E0]\n\t(No symbol) [0x00007FF649694A7F]\n\tBaseThreadInitThunk [0x00007FFA0C57257D+29]\n\tRtlUserThreadStart [0x00007FFA0D5AAF28+40]", "trace": "setup = (<selenium.webdriver.chrome.webdriver.WebDriver (session=\"0636d92c040c1bafd53849747ff87b74\")>, 'screenshots', <RootLogger root (WARNING)>)\n\n    @allure.feature(\"Login and Form Submission\")\n    @allure.story(\"approve the request\")\n    def test_approve_request(setup):\n        driver, screenshot_dir, logger = setup\n    \n        with allure.step(\"approve the request\"):\n>           save_button = WebDriverWait(driver, 10).until(\n                EC.element_to_be_clickable((By.XPATH, \"//a[@class='btn btn-success menu_approve_btn']\"))\n            )\n\ntest_approver_main_menu.py:163: \n_ _ _ _ _ _ _ _ _ _ _ _ _ _ _ _ _ _ _ _ _ _ _ _ _ _ _ _ _ _ _ _ _ _ _ _ _ _ _ _ _ _ _ _ _ _ _ _ _ _ _ _ _ _ _ _ _ _ _ _ _ _ _ _ _ _ _ _ _ _ _ _ _ _ _ _ _ _ _ _ _ _ _ _ _ _ _ _ _ _\n\nself = <selenium.webdriver.support.wait.WebDriverWait (session=\"0636d92c040c1bafd53849747ff87b74\")>\nmethod = <function element_to_be_clickable.<locals>._predicate at 0x0000020C472956C0>, message = ''\n\n    def until(self, method: Callable[[D], Union[Literal[False], T]], message: str = \"\") -> T:\n        \"\"\"Calls the method provided with the driver as an argument until the \\\n        return value does not evaluate to ``False``.\n    \n        :param method: callable(WebDriver)\n        :param message: optional message for :exc:`TimeoutException`\n        :returns: the result of the last call to `method`\n        :raises: :exc:`selenium.common.exceptions.TimeoutException` if timeout occurs\n        \"\"\"\n        screen = None\n        stacktrace = None\n    \n        end_time = time.monotonic() + self._timeout\n        while True:\n            try:\n                value = method(self._driver)\n                if value:\n                    return value\n            except self._ignored_exceptions as exc:\n                screen = getattr(exc, \"screen\", None)\n                stacktrace = getattr(exc, \"stacktrace\", None)\n            time.sleep(self._poll)\n            if time.monotonic() > end_time:\n                break\n>       raise TimeoutException(message, screen, stacktrace)\nE       selenium.common.exceptions.TimeoutException: Message: \nE       Stacktrace:\nE       \tGetHandleVerifier [0x00007FF64972B632+29090]\nE       \t(No symbol) [0x00007FF64969E6E9]\nE       \t(No symbol) [0x00007FF64955B1CA]\nE       \t(No symbol) [0x00007FF6495AEFD7]\nE       \t(No symbol) [0x00007FF6495AF22C]\nE       \t(No symbol) [0x00007FF6495F97F7]\nE       \t(No symbol) [0x00007FF6495D672F]\nE       \t(No symbol) [0x00007FF6495F65D9]\nE       \t(No symbol) [0x00007FF6495D6493]\nE       \t(No symbol) [0x00007FF6495A09B1]\nE       \t(No symbol) [0x00007FF6495A1B11]\nE       \tGetHandleVerifier [0x00007FF649A4883D+3294125]\nE       \tGetHandleVerifier [0x00007FF649A94423+3604371]\nE       \tGetHandleVerifier [0x00007FF649A8A2E7+3563095]\nE       \tGetHandleVerifier [0x00007FF6497E6F16+797318]\nE       \t(No symbol) [0x00007FF6496A986F]\nE       \t(No symbol) [0x00007FF6496A5454]\nE       \t(No symbol) [0x00007FF6496A55E0]\nE       \t(No symbol) [0x00007FF649694A7F]\nE       \tBaseThreadInitThunk [0x00007FFA0C57257D+29]\nE       \tRtlUserThreadStart [0x00007FFA0D5AAF28+40]\n\n.venv\\Lib\\site-packages\\selenium\\webdriver\\support\\wait.py:105: TimeoutException"}, "steps": [{"name": "approve the request", "status": "broken", "statusDetails": {"message": "selenium.common.exceptions.TimeoutException: Message: \nStacktrace:\n\tGetHandleVerifier [0x00007FF64972B632+29090]\n\t(No symbol) [0x00007FF64969E6E9]\n\t(No symbol) [0x00007FF64955B1CA]\n\t(No symbol) [0x00007FF6495AEFD7]\n\t(No symbol) [0x00007FF6495AF22C]\n\t(No symbol) [0x00007FF6495F97F7]\n\t(No symbol) [0x00007FF6495D672F]\n\t(No symbol) [0x00007FF6495F65D9]\n\t(No symbol) [0x00007FF6495D6493]\n\t(No symbol) [0x00007FF6495A09B1]\n\t(No symbol) [0x00007FF6495A1B11]\n\tGetHandleVerifier [0x00007FF649A4883D+3294125]\n\tGetHandleVerifier [0x00007FF649A94423+3604371]\n\tGetHandleVerifier [0x00007FF649A8A2E7+3563095]\n\tGetHandleVerifier [0x00007FF6497E6F16+797318]\n\t(No symbol) [0x00007FF6496A986F]\n\t(No symbol) [0x00007FF6496A5454]\n\t(No symbol) [0x00007FF6496A55E0]\n\t(No symbol) [0x00007FF649694A7F]\n\tBaseThreadInitThunk [0x00007FFA0C57257D+29]\n\tRtlUserThreadStart [0x00007FFA0D5AAF28+40]\n\n", "trace": "  File \"C:\\Users\\GrDs_MyGovK\\PycharmProjectsAutoTestingZPSCreatorModeratorAdmin\\pythonProject\\test_approver_main_menu.py\", line 163, in test_approve_request\n    save_button = WebDriverWait(driver, 10).until(\n                  ^^^^^^^^^^^^^^^^^^^^^^^^^^^^^^^^\n  File \"C:\\Users\\GrDs_MyGovK\\PycharmProjectsAutoTestingZPSCreatorModeratorAdmin\\pythonProject\\.venv\\Lib\\site-packages\\selenium\\webdriver\\support\\wait.py\", line 105, in until\n    raise TimeoutException(message, screen, stacktrace)\n"}, "start": 1726229848331, "stop": 1726229858723}], "start": 1726229848331, "stop": 1726229858726, "uuid": "b3e9836e-13f3-4894-9283-b4bba1f195fe", "historyId": "6cda5ea7043f26c615d527763f140cb6", "testCaseId": "6cda5ea7043f26c615d527763f140cb6", "fullName": "test_approver_main_menu#test_approve_request", "labels": [{"name": "feature", "value": "Login and Form Submission"}, {"name": "story", "value": "approve the request"}, {"name": "suite", "value": "test_approver_main_menu"}, {"name": "host", "value": "DESKTOP-2GJCTFD"}, {"name": "thread", "value": "32500-MainThread"}, {"name": "framework", "value": "pytest"}, {"name": "language", "value": "cpython3"}, {"name": "package", "value": "test_approver_main_menu"}]}