{"name": "test_verify_success_message", "status": "broken", "statusDetails": {"message": "selenium.common.exceptions.TimeoutException: Message: \nStacktrace:\n\tGetHandleVerifier [0x00007FF64972B632+29090]\n\t(No symbol) [0x00007FF64969E6E9]\n\t(No symbol) [0x00007FF64955B1CA]\n\t(No symbol) [0x00007FF6495AEFD7]\n\t(No symbol) [0x00007FF6495AF22C]\n\t(No symbol) [0x00007FF6495F97F7]\n\t(No symbol) [0x00007FF6495D672F]\n\t(No symbol) [0x00007FF6495F65D9]\n\t(No symbol) [0x00007FF6495D6493]\n\t(No symbol) [0x00007FF6495A09B1]\n\t(No symbol) [0x00007FF6495A1B11]\n\tGetHandleVerifier [0x00007FF649A4883D+3294125]\n\tGetHandleVerifier [0x00007FF649A94423+3604371]\n\tGetHandleVerifier [0x00007FF649A8A2E7+3563095]\n\tGetHandleVerifier [0x00007FF6497E6F16+797318]\n\t(No symbol) [0x00007FF6496A986F]\n\t(No symbol) [0x00007FF6496A5454]\n\t(No symbol) [0x00007FF6496A55E0]\n\t(No symbol) [0x00007FF649694A7F]\n\tBaseThreadInitThunk [0x00007FFA0C57257D+29]\n\tRtlUserThreadStart [0x00007FFA0D5AAF28+40]", "trace": "setup = (<selenium.webdriver.chrome.webdriver.WebDriver (session=\"23e37645eba1e33dbf0fe38b9b1f96cc\")>, 'screenshots', <RootLogger root (WARNING)>)\n\n    @allure.feature(\"Form Submission\")\n    @allure.story(\"Verify success message after saving data\")\n    def test_verify_success_message(setup):\n        driver, screenshot_dir, logger = setup\n    \n        with allure.step(\"Submit the form and verify the success message\"):\n            try:\n                # Submit the form (you might need to locate and click the submit button)\n                # Example: driver.find_element(By.ID, 'submit_button_id').click()\n    \n                # Define XPath for the success alert message\n                success_message_xpath = \"//div[@class='alert alert-success' and contains(text(),'Data Saved successfully!')]\"\n    \n                # Wait for the success message to be visible\n>               success_message = WebDriverWait(driver, 10).until(\n                    EC.visibility_of_element_located((By.XPATH, success_message_xpath))\n                )\n\ntest_approver_pages.py:172: \n_ _ _ _ _ _ _ _ _ _ _ _ _ _ _ _ _ _ _ _ _ _ _ _ _ _ _ _ _ _ _ _ _ _ _ _ _ _ _ _ _ _ _ _ _ _ _ _ _ _ _ _ _ _ _ _ _ _ _ _ _ _ _ _ _ _ _ _ _ _ _ _ _ _ _ _ _ _ _ _ _ _ _ _ _ _ _ _ _ _\n\nself = <selenium.webdriver.support.wait.WebDriverWait (session=\"23e37645eba1e33dbf0fe38b9b1f96cc\")>\nmethod = <function visibility_of_element_located.<locals>._predicate at 0x0000020C47340F40>, message = ''\n\n    def until(self, method: Callable[[D], Union[Literal[False], T]], message: str = \"\") -> T:\n        \"\"\"Calls the method provided with the driver as an argument until the \\\n        return value does not evaluate to ``False``.\n    \n        :param method: callable(WebDriver)\n        :param message: optional message for :exc:`TimeoutException`\n        :returns: the result of the last call to `method`\n        :raises: :exc:`selenium.common.exceptions.TimeoutException` if timeout occurs\n        \"\"\"\n        screen = None\n        stacktrace = None\n    \n        end_time = time.monotonic() + self._timeout\n        while True:\n            try:\n                value = method(self._driver)\n                if value:\n                    return value\n            except self._ignored_exceptions as exc:\n                screen = getattr(exc, \"screen\", None)\n                stacktrace = getattr(exc, \"stacktrace\", None)\n            time.sleep(self._poll)\n            if time.monotonic() > end_time:\n                break\n>       raise TimeoutException(message, screen, stacktrace)\nE       selenium.common.exceptions.TimeoutException: Message: \nE       Stacktrace:\nE       \tGetHandleVerifier [0x00007FF64972B632+29090]\nE       \t(No symbol) [0x00007FF64969E6E9]\nE       \t(No symbol) [0x00007FF64955B1CA]\nE       \t(No symbol) [0x00007FF6495AEFD7]\nE       \t(No symbol) [0x00007FF6495AF22C]\nE       \t(No symbol) [0x00007FF6495F97F7]\nE       \t(No symbol) [0x00007FF6495D672F]\nE       \t(No symbol) [0x00007FF6495F65D9]\nE       \t(No symbol) [0x00007FF6495D6493]\nE       \t(No symbol) [0x00007FF6495A09B1]\nE       \t(No symbol) [0x00007FF6495A1B11]\nE       \tGetHandleVerifier [0x00007FF649A4883D+3294125]\nE       \tGetHandleVerifier [0x00007FF649A94423+3604371]\nE       \tGetHandleVerifier [0x00007FF649A8A2E7+3563095]\nE       \tGetHandleVerifier [0x00007FF6497E6F16+797318]\nE       \t(No symbol) [0x00007FF6496A986F]\nE       \t(No symbol) [0x00007FF6496A5454]\nE       \t(No symbol) [0x00007FF6496A55E0]\nE       \t(No symbol) [0x00007FF649694A7F]\nE       \tBaseThreadInitThunk [0x00007FFA0C57257D+29]\nE       \tRtlUserThreadStart [0x00007FFA0D5AAF28+40]\n\n.venv\\Lib\\site-packages\\selenium\\webdriver\\support\\wait.py:105: TimeoutException"}, "steps": [{"name": "Submit the form and verify the success message", "status": "broken", "statusDetails": {"message": "selenium.common.exceptions.TimeoutException: Message: \nStacktrace:\n\tGetHandleVerifier [0x00007FF64972B632+29090]\n\t(No symbol) [0x00007FF64969E6E9]\n\t(No symbol) [0x00007FF64955B1CA]\n\t(No symbol) [0x00007FF6495AEFD7]\n\t(No symbol) [0x00007FF6495AF22C]\n\t(No symbol) [0x00007FF6495F97F7]\n\t(No symbol) [0x00007FF6495D672F]\n\t(No symbol) [0x00007FF6495F65D9]\n\t(No symbol) [0x00007FF6495D6493]\n\t(No symbol) [0x00007FF6495A09B1]\n\t(No symbol) [0x00007FF6495A1B11]\n\tGetHandleVerifier [0x00007FF649A4883D+3294125]\n\tGetHandleVerifier [0x00007FF649A94423+3604371]\n\tGetHandleVerifier [0x00007FF649A8A2E7+3563095]\n\tGetHandleVerifier [0x00007FF6497E6F16+797318]\n\t(No symbol) [0x00007FF6496A986F]\n\t(No symbol) [0x00007FF6496A5454]\n\t(No symbol) [0x00007FF6496A55E0]\n\t(No symbol) [0x00007FF649694A7F]\n\tBaseThreadInitThunk [0x00007FFA0C57257D+29]\n\tRtlUserThreadStart [0x00007FFA0D5AAF28+40]\n\n", "trace": "  File \"C:\\Users\\GrDs_MyGovK\\PycharmProjectsAutoTestingZPSCreatorModeratorAdmin\\pythonProject\\test_approver_pages.py\", line 172, in test_verify_success_message\n    success_message = WebDriverWait(driver, 10).until(\n                      ^^^^^^^^^^^^^^^^^^^^^^^^^^^^^^^^\n  File \"C:\\Users\\GrDs_MyGovK\\PycharmProjectsAutoTestingZPSCreatorModeratorAdmin\\pythonProject\\.venv\\Lib\\site-packages\\selenium\\webdriver\\support\\wait.py\", line 105, in until\n    raise TimeoutException(message, screen, stacktrace)\n"}, "attachments": [{"name": "success_message_error", "source": "966151a6-0608-4897-947e-bb02c4f0b409-attachment.png", "type": "image/png"}], "start": 1726229954984, "stop": 1726229965503}], "attachments": [{"name": "log", "source": "c1eb187c-6b55-4ec2-9fd2-d591513b30ff-attachment.txt", "type": "text/plain"}], "start": 1726229954984, "stop": 1726229965505, "uuid": "a4641eef-57a0-4135-8bac-66efc9e312c4", "historyId": "7ae36fe844f04d32b6eec345d9d5ca33", "testCaseId": "7ae36fe844f04d32b6eec345d9d5ca33", "fullName": "test_approver_pages#test_verify_success_message", "labels": [{"name": "story", "value": "Verify success message after saving data"}, {"name": "feature", "value": "Form Submission"}, {"name": "suite", "value": "test_approver_pages"}, {"name": "host", "value": "DESKTOP-2GJCTFD"}, {"name": "thread", "value": "32500-MainThread"}, {"name": "framework", "value": "pytest"}, {"name": "language", "value": "cpython3"}, {"name": "package", "value": "test_approver_pages"}]}